2025-10-26 17:23:53,543 - logg.setup_log_config- INFO- Информация
2025-10-26 17:23:53,543 - logg.setup_log_config- WARNING- Предупреждение
2025-10-26 17:23:53,543 - logg.setup_log_config- ERROR- Ошибка
2025-10-26 17:23:53,544 - logg.setup_log_config- CRITICAL- Критическая ошибка
2025-10-26 17:23:53,544 - __main__- INFO- Dump response.json успешно завершен
2025-10-26 17:24:02,655 - httpx- INFO- HTTP Request: GET https://api.hh.ru/vacancies?per_page=1&page=1&text=python "HTTP/1.1 200 OK"
2025-10-26 17:24:02,659 - __main__- INFO- Статус ответа при запросе к https://api.hh.ru/vacancies: <Response [200 OK]>
2025-10-26 17:37:48,712 - logg.setup_log_config- INFO- Информация
2025-10-26 17:37:48,712 - logg.setup_log_config- WARNING- Предупреждение
2025-10-26 17:37:48,713 - logg.setup_log_config- ERROR- Ошибка
2025-10-26 17:37:48,713 - logg.setup_log_config- CRITICAL- Критическая ошибка
2025-10-26 17:37:48,713 - __main__- INFO- Dump response.json успешно завершен
2025-10-26 17:37:56,456 - httpx- INFO- HTTP Request: GET https://api.hh.ru/vacancies?per_page=1&page=2&text=3 "HTTP/1.1 200 OK"
2025-10-26 17:37:56,458 - __main__- INFO- Статус ответа при запросе к https://api.hh.ru/vacancies: <Response [200 OK]>
2025-10-26 17:38:43,393 - logg.setup_log_config- INFO- Информация
2025-10-26 17:38:43,393 - logg.setup_log_config- WARNING- Предупреждение
2025-10-26 17:38:43,393 - logg.setup_log_config- ERROR- Ошибка
2025-10-26 17:38:43,393 - logg.setup_log_config- CRITICAL- Критическая ошибка
2025-10-26 17:38:43,393 - __main__- INFO- Dump response.json успешно завершен
2025-10-26 17:38:48,579 - logg.setup_log_config- INFO- Информация
2025-10-26 17:38:48,579 - logg.setup_log_config- WARNING- Предупреждение
2025-10-26 17:38:48,579 - logg.setup_log_config- ERROR- Ошибка
2025-10-26 17:38:48,579 - logg.setup_log_config- CRITICAL- Критическая ошибка
2025-10-26 17:38:48,579 - __main__- INFO- Dump response.json успешно завершен
2025-10-26 17:38:55,961 - httpx- INFO- HTTP Request: GET https://api.hh.ru/vacancies?per_page=1&page=2&text=3 "HTTP/1.1 200 OK"
2025-10-26 17:38:55,963 - __main__- INFO- Статус ответа при запросе к https://api.hh.ru/vacancies: <Response [200 OK]>
2025-10-26 17:53:39,801 - logg.setup_log_config- INFO- Информация
2025-10-26 17:53:39,801 - logg.setup_log_config- WARNING- Предупреждение
2025-10-26 17:53:39,801 - logg.setup_log_config- ERROR- Ошибка
2025-10-26 17:53:39,801 - logg.setup_log_config- CRITICAL- Критическая ошибка
2025-10-26 17:53:39,801 - __main__- INFO- Dump response.json успешно завершен
2025-10-26 17:54:01,557 - httpx- INFO- HTTP Request: GET https://api.hh.ru/vacancies?per_page=1&page=10&text=golang+middle "HTTP/1.1 200 OK"
2025-10-26 17:54:01,558 - __main__- INFO- Статус ответа при запросе к https://api.hh.ru/vacancies: <Response [200 OK]>
2025-10-26 17:54:18,314 - logg.setup_log_config- INFO- Информация
2025-10-26 17:54:18,314 - logg.setup_log_config- WARNING- Предупреждение
2025-10-26 17:54:18,314 - logg.setup_log_config- ERROR- Ошибка
2025-10-26 17:54:18,314 - logg.setup_log_config- CRITICAL- Критическая ошибка
2025-10-26 17:54:18,314 - __main__- INFO- Dump response.json успешно завершен
2025-10-26 17:54:34,638 - httpx- INFO- HTTP Request: GET https://api.hh.ru/vacancies?per_page=100&page=1&text=golang+middle+dev "HTTP/1.1 200 OK"
2025-10-26 17:54:34,640 - __main__- INFO- Статус ответа при запросе к https://api.hh.ru/vacancies: <Response [200 OK]>
2025-10-26 17:54:39,134 - logg.setup_log_config- INFO- Информация
2025-10-26 17:54:39,134 - logg.setup_log_config- WARNING- Предупреждение
2025-10-26 17:54:39,134 - logg.setup_log_config- ERROR- Ошибка
2025-10-26 17:54:39,134 - logg.setup_log_config- CRITICAL- Критическая ошибка
2025-10-26 17:54:39,134 - __main__- INFO- Dump response.json успешно завершен
2025-10-26 17:54:50,115 - httpx- INFO- HTTP Request: GET https://api.hh.ru/vacancies?per_page=100&page=1&text=golang "HTTP/1.1 200 OK"
2025-10-26 17:54:50,144 - __main__- INFO- Статус ответа при запросе к https://api.hh.ru/vacancies: <Response [200 OK]>
2025-10-26 17:59:09,754 - logg.setup_log_config- INFO- Информация
2025-10-26 17:59:09,754 - logg.setup_log_config- WARNING- Предупреждение
2025-10-26 17:59:09,755 - logg.setup_log_config- ERROR- Ошибка
2025-10-26 17:59:09,755 - logg.setup_log_config- CRITICAL- Критическая ошибка
2025-10-26 17:59:09,755 - __main__- INFO- Dump response.json успешно завершен
2025-10-26 19:01:53,589 - logg.setup_log_config- INFO- Информация
2025-10-26 19:01:53,589 - logg.setup_log_config- WARNING- Предупреждение
2025-10-26 19:01:53,589 - logg.setup_log_config- ERROR- Ошибка
2025-10-26 19:01:53,590 - logg.setup_log_config- CRITICAL- Критическая ошибка
2025-10-26 19:01:53,590 - __main__- INFO- Dump response.json успешно завершен
2025-10-26 19:02:25,858 - httpx- INFO- HTTP Request: GET https://api.hh.ru/vacancies?per_page=10&page=5&text=%D1%8D%D0%BB%D0%B5%D0%BA%D1%82%D1%80%D0%B8%D0%BA "HTTP/1.1 200 OK"
2025-10-26 19:02:25,860 - __main__- INFO- Статус ответа при запросе к https://api.hh.ru/vacancies: <Response [200 OK]>
2025-10-26 23:53:20,238 - logg.setup_log_config- INFO- Информация
2025-10-26 23:53:20,238 - logg.setup_log_config- WARNING- Предупреждение
2025-10-26 23:53:20,238 - logg.setup_log_config- ERROR- Ошибка
2025-10-26 23:53:20,238 - logg.setup_log_config- CRITICAL- Критическая ошибка
2025-10-26 23:53:20,239 - __main__- INFO- Dump response.json успешно завершен
2025-10-26 23:53:35,098 - httpx- INFO- HTTP Request: GET https://api.hh.ru/vacancies?per_page=5&page=10&text=python "HTTP/1.1 200 OK"
2025-10-26 23:53:35,100 - __main__- INFO- Статус ответа при запросе к https://api.hh.ru/vacancies: <Response [200 OK]>
2025-10-27 00:00:31,756 - __main__- INFO- Информация
2025-10-27 00:00:31,757 - __main__- WARNING- Предупреждение
2025-10-27 00:00:31,757 - __main__- ERROR- Ошибка
2025-10-27 00:00:31,757 - __main__- CRITICAL- Критическая ошибка
2025-10-27 00:03:16,045 - __main__- INFO- Dump response.json успешно завершен
2025-10-27 00:03:26,810 - httpx- INFO- HTTP Request: GET https://api.hh.ru/vacancies?per_page=5&page=10&text=%D0%B8%D0%BD%D0%B6%D0%B5%D0%BD%D0%B5%D1%80+ "HTTP/1.1 200 OK"
2025-10-27 00:03:26,812 - __main__- INFO- Статус ответа при запросе к https://api.hh.ru/vacancies: <Response [200 OK]>
2025-10-27 00:06:47,241 - __main__- INFO- Dump response.json успешно завершен
2025-10-27 00:07:03,456 - httpx- INFO- HTTP Request: GET https://api.hh.ru/vacancies?per_page=50&page=1&text=python "HTTP/1.1 200 OK"
2025-10-27 00:07:03,478 - __main__- INFO- Статус ответа при запросе к https://api.hh.ru/vacancies: <Response [200 OK]>
